{"/Users/camille/workspace/invoice-api/frontend/src/composables/useClients.js": {"path":"/Users/camille/workspace/invoice-api/frontend/src/composables/useClients.js","statementMap":{"0":{"start":{"line":6,"column":2},"end":{"line":13,"column":null}},"1":{"start":{"line":9,"column":23},"end":{"line":9,"column":null}},"2":{"start":{"line":10,"column":6},"end":{"line":10,"column":null}},"3":{"start":{"line":18,"column":2},"end":{"line":26,"column":null}},"4":{"start":{"line":21,"column":23},"end":{"line":21,"column":null}},"5":{"start":{"line":22,"column":6},"end":{"line":22,"column":null}}},"fnMap":{"0":{"name":"useClients","decl":{"start":{"line":5,"column":16},"end":{"line":5,"column":26}},"loc":{"start":{"line":5,"column":29},"end":{"line":14,"column":null}},"line":5},"1":{"name":"(anonymous_1)","decl":{"start":{"line":8,"column":13},"end":{"line":8,"column":18}},"loc":{"start":{"line":8,"column":25},"end":{"line":11,"column":5}},"line":8},"2":{"name":"useClient","decl":{"start":{"line":17,"column":16},"end":{"line":17,"column":25}},"loc":{"start":{"line":17,"column":30},"end":{"line":27,"column":null}},"line":17},"3":{"name":"(anonymous_3)","decl":{"start":{"line":20,"column":13},"end":{"line":20,"column":18}},"loc":{"start":{"line":20,"column":25},"end":{"line":23,"column":5}},"line":20}},"branchMap":{},"s":{"0":1,"1":0,"2":0,"3":2,"4":0,"5":0},"f":{"0":1,"1":0,"2":2,"3":0},"b":{},"meta":{"lastBranch":0,"lastFunction":4,"lastStatement":6,"seen":{"f:5:16:5:26":0,"s:6:2:13:Infinity":0,"f:8:13:8:18":1,"s:9:23:9:Infinity":1,"s:10:6:10:Infinity":2,"f:17:16:17:25":2,"s:18:2:26:Infinity":3,"f:20:13:20:18":3,"s:21:23:21:Infinity":4,"s:22:6:22:Infinity":5}}}
,"/Users/camille/workspace/invoice-api/frontend/src/composables/useInvoices.js": {"path":"/Users/camille/workspace/invoice-api/frontend/src/composables/useInvoices.js","statementMap":{"0":{"start":{"line":6,"column":2},"end":{"line":12,"column":null}},"1":{"start":{"line":9,"column":23},"end":{"line":9,"column":null}},"2":{"start":{"line":10,"column":6},"end":{"line":10,"column":null}},"3":{"start":{"line":17,"column":2},"end":{"line":24,"column":null}},"4":{"start":{"line":20,"column":23},"end":{"line":20,"column":null}},"5":{"start":{"line":21,"column":6},"end":{"line":21,"column":null}},"6":{"start":{"line":23,"column":19},"end":{"line":23,"column":null}},"7":{"start":{"line":29,"column":21},"end":{"line":29,"column":null}},"8":{"start":{"line":31,"column":2},"end":{"line":38,"column":null}},"9":{"start":{"line":32,"column":33},"end":{"line":32,"column":67}},"10":{"start":{"line":35,"column":6},"end":{"line":35,"column":null}},"11":{"start":{"line":36,"column":6},"end":{"line":36,"column":null}},"12":{"start":{"line":43,"column":21},"end":{"line":43,"column":null}},"13":{"start":{"line":45,"column":2},"end":{"line":53,"column":null}},"14":{"start":{"line":46,"column":24},"end":{"line":46,"column":53}},"15":{"start":{"line":49,"column":6},"end":{"line":49,"column":null}},"16":{"start":{"line":50,"column":6},"end":{"line":50,"column":null}},"17":{"start":{"line":51,"column":6},"end":{"line":51,"column":null}},"18":{"start":{"line":58,"column":2},"end":{"line":65,"column":null}},"19":{"start":{"line":61,"column":23},"end":{"line":61,"column":null}},"20":{"start":{"line":62,"column":6},"end":{"line":62,"column":null}},"21":{"start":{"line":64,"column":19},"end":{"line":64,"column":null}}},"fnMap":{"0":{"name":"useInvoices","decl":{"start":{"line":5,"column":16},"end":{"line":5,"column":27}},"loc":{"start":{"line":5,"column":37},"end":{"line":13,"column":null}},"line":5},"1":{"name":"(anonymous_1)","decl":{"start":{"line":8,"column":13},"end":{"line":8,"column":18}},"loc":{"start":{"line":8,"column":25},"end":{"line":11,"column":null}},"line":8},"2":{"name":"useInvoice","decl":{"start":{"line":16,"column":16},"end":{"line":16,"column":26}},"loc":{"start":{"line":16,"column":31},"end":{"line":25,"column":null}},"line":16},"3":{"name":"(anonymous_3)","decl":{"start":{"line":19,"column":13},"end":{"line":19,"column":18}},"loc":{"start":{"line":19,"column":25},"end":{"line":22,"column":5}},"line":19},"4":{"name":"(anonymous_4)","decl":{"start":{"line":23,"column":13},"end":{"line":23,"column":14}},"loc":{"start":{"line":23,"column":19},"end":{"line":23,"column":null}},"line":23},"5":{"name":"useCreateInvoice","decl":{"start":{"line":28,"column":16},"end":{"line":28,"column":32}},"loc":{"start":{"line":28,"column":35},"end":{"line":39,"column":null}},"line":28},"6":{"name":"(anonymous_6)","decl":{"start":{"line":32,"column":16},"end":{"line":32,"column":17}},"loc":{"start":{"line":32,"column":33},"end":{"line":32,"column":67}},"line":32},"7":{"name":"(anonymous_7)","decl":{"start":{"line":33,"column":15},"end":{"line":33,"column":16}},"loc":{"start":{"line":33,"column":21},"end":{"line":37,"column":null}},"line":33},"8":{"name":"useMarkInvoiceAsPaid","decl":{"start":{"line":42,"column":16},"end":{"line":42,"column":36}},"loc":{"start":{"line":42,"column":39},"end":{"line":54,"column":null}},"line":42},"9":{"name":"(anonymous_9)","decl":{"start":{"line":46,"column":16},"end":{"line":46,"column":17}},"loc":{"start":{"line":46,"column":24},"end":{"line":46,"column":53}},"line":46},"10":{"name":"(anonymous_10)","decl":{"start":{"line":47,"column":15},"end":{"line":47,"column":16}},"loc":{"start":{"line":47,"column":36},"end":{"line":52,"column":null}},"line":47},"11":{"name":"useRevenue","decl":{"start":{"line":57,"column":16},"end":{"line":57,"column":26}},"loc":{"start":{"line":57,"column":47},"end":{"line":66,"column":null}},"line":57},"12":{"name":"(anonymous_12)","decl":{"start":{"line":60,"column":13},"end":{"line":60,"column":18}},"loc":{"start":{"line":60,"column":25},"end":{"line":63,"column":5}},"line":60},"13":{"name":"(anonymous_13)","decl":{"start":{"line":64,"column":13},"end":{"line":64,"column":14}},"loc":{"start":{"line":64,"column":19},"end":{"line":64,"column":null}},"line":64}},"branchMap":{"0":{"loc":{"start":{"line":64,"column":19},"end":{"line":64,"column":null}},"type":"binary-expr","locations":[{"start":{"line":64,"column":19},"end":{"line":64,"column":36}},{"start":{"line":64,"column":40},"end":{"line":64,"column":null}}],"line":64}},"s":{"0":1,"1":0,"2":0,"3":1,"4":0,"5":0,"6":0,"7":1,"8":1,"9":0,"10":0,"11":0,"12":1,"13":1,"14":0,"15":0,"16":0,"17":0,"18":1,"19":0,"20":0,"21":0},"f":{"0":1,"1":0,"2":1,"3":0,"4":0,"5":1,"6":0,"7":0,"8":1,"9":0,"10":0,"11":1,"12":0,"13":0},"b":{"0":[0,0]},"meta":{"lastBranch":1,"lastFunction":14,"lastStatement":22,"seen":{"f:5:16:5:27":0,"s:6:2:12:Infinity":0,"f:8:13:8:18":1,"s:9:23:9:Infinity":1,"s:10:6:10:Infinity":2,"f:16:16:16:26":2,"s:17:2:24:Infinity":3,"f:19:13:19:18":3,"s:20:23:20:Infinity":4,"s:21:6:21:Infinity":5,"f:23:13:23:14":4,"s:23:19:23:Infinity":6,"f:28:16:28:32":5,"s:29:21:29:Infinity":7,"s:31:2:38:Infinity":8,"f:32:16:32:17":6,"s:32:33:32:67":9,"f:33:15:33:16":7,"s:35:6:35:Infinity":10,"s:36:6:36:Infinity":11,"f:42:16:42:36":8,"s:43:21:43:Infinity":12,"s:45:2:53:Infinity":13,"f:46:16:46:17":9,"s:46:24:46:53":14,"f:47:15:47:16":10,"s:49:6:49:Infinity":15,"s:50:6:50:Infinity":16,"s:51:6:51:Infinity":17,"f:57:16:57:26":11,"s:58:2:65:Infinity":18,"f:60:13:60:18":12,"s:61:23:61:Infinity":19,"s:62:6:62:Infinity":20,"f:64:13:64:14":13,"s:64:19:64:Infinity":21,"b:64:19:64:36:64:40:64:Infinity":0}}}
,"/Users/camille/workspace/invoice-api/frontend/src/composables/useTheme.js": {"path":"/Users/camille/workspace/invoice-api/frontend/src/composables/useTheme.js","statementMap":{"0":{"start":{"line":3,"column":13},"end":{"line":3,"column":null}},"1":{"start":{"line":6,"column":22},"end":{"line":8,"column":null}},"2":{"start":{"line":7,"column":4},"end":{"line":7,"column":null}},"3":{"start":{"line":10,"column":19},"end":{"line":12,"column":null}},"4":{"start":{"line":11,"column":4},"end":{"line":11,"column":null}},"5":{"start":{"line":15,"column":1},"end":{"line":18,"column":null}},"6":{"start":{"line":16,"column":4},"end":{"line":16,"column":null}},"7":{"start":{"line":17,"column":4},"end":{"line":17,"column":null}},"8":{"start":{"line":20,"column":2},"end":{"line":25,"column":null}},"9":{"start":{"line":24,"column":18},"end":{"line":24,"column":null}}},"fnMap":{"0":{"name":"useTheme","decl":{"start":{"line":5,"column":16},"end":{"line":5,"column":24}},"loc":{"start":{"line":5,"column":27},"end":{"line":26,"column":null}},"line":5},"1":{"name":"(anonymous_1)","decl":{"start":{"line":6,"column":22},"end":{"line":6,"column":23}},"loc":{"start":{"line":6,"column":28},"end":{"line":8,"column":null}},"line":6},"2":{"name":"(anonymous_2)","decl":{"start":{"line":10,"column":19},"end":{"line":10,"column":20}},"loc":{"start":{"line":10,"column":33},"end":{"line":12,"column":null}},"line":10},"3":{"name":"(anonymous_3)","decl":{"start":{"line":15,"column":15},"end":{"line":15,"column":16}},"loc":{"start":{"line":15,"column":29},"end":{"line":18,"column":3}},"line":15},"4":{"name":"(anonymous_4)","decl":{"start":{"line":24,"column":12},"end":{"line":24,"column":13}},"loc":{"start":{"line":24,"column":18},"end":{"line":24,"column":null}},"line":24}},"branchMap":{"0":{"loc":{"start":{"line":3,"column":18},"end":{"line":3,"column":58}},"type":"binary-expr","locations":[{"start":{"line":3,"column":18},"end":{"line":3,"column":47}},{"start":{"line":3,"column":51},"end":{"line":3,"column":58}}],"line":3},"1":{"loc":{"start":{"line":7,"column":18},"end":{"line":7,"column":null}},"type":"cond-expr","locations":[{"start":{"line":7,"column":44},"end":{"line":7,"column":50}},{"start":{"line":7,"column":53},"end":{"line":7,"column":null}}],"line":7}},"s":{"0":8,"1":8,"2":2,"3":8,"4":6,"5":8,"6":13,"7":13,"8":8,"9":2},"f":{"0":8,"1":2,"2":6,"3":13,"4":2},"b":{"0":[8,6],"1":[1,1]},"meta":{"lastBranch":2,"lastFunction":5,"lastStatement":10,"seen":{"s:3:13:3:Infinity":0,"b:3:18:3:47:3:51:3:58":0,"f:5:16:5:24":0,"s:6:22:8:Infinity":1,"f:6:22:6:23":1,"s:7:4:7:Infinity":2,"b:7:44:7:50:7:53:7:Infinity":1,"s:10:19:12:Infinity":3,"f:10:19:10:20":2,"s:11:4:11:Infinity":4,"s:15:1:18:Infinity":5,"f:15:15:15:16":3,"s:16:4:16:Infinity":6,"s:17:4:17:Infinity":7,"s:20:2:25:Infinity":8,"f:24:12:24:13":4,"s:24:18:24:Infinity":9}}}
,"/Users/camille/workspace/invoice-api/frontend/src/router/index.js": {"path":"/Users/camille/workspace/invoice-api/frontend/src/router/index.js","statementMap":{"0":{"start":{"line":3,"column":15},"end":{"line":34,"column":null}},"1":{"start":{"line":7,"column":21},"end":{"line":7,"column":null}},"2":{"start":{"line":12,"column":21},"end":{"line":12,"column":null}},"3":{"start":{"line":17,"column":21},"end":{"line":17,"column":null}},"4":{"start":{"line":22,"column":21},"end":{"line":22,"column":null}},"5":{"start":{"line":27,"column":21},"end":{"line":27,"column":null}},"6":{"start":{"line":32,"column":21},"end":{"line":32,"column":null}},"7":{"start":{"line":36,"column":14},"end":{"line":39,"column":null}}},"fnMap":{"0":{"name":"(anonymous_0)","decl":{"start":{"line":7,"column":15},"end":{"line":7,"column":16}},"loc":{"start":{"line":7,"column":21},"end":{"line":7,"column":null}},"line":7},"1":{"name":"(anonymous_1)","decl":{"start":{"line":12,"column":15},"end":{"line":12,"column":16}},"loc":{"start":{"line":12,"column":21},"end":{"line":12,"column":null}},"line":12},"2":{"name":"(anonymous_2)","decl":{"start":{"line":17,"column":15},"end":{"line":17,"column":16}},"loc":{"start":{"line":17,"column":21},"end":{"line":17,"column":null}},"line":17},"3":{"name":"(anonymous_3)","decl":{"start":{"line":22,"column":15},"end":{"line":22,"column":16}},"loc":{"start":{"line":22,"column":21},"end":{"line":22,"column":null}},"line":22},"4":{"name":"(anonymous_4)","decl":{"start":{"line":27,"column":15},"end":{"line":27,"column":16}},"loc":{"start":{"line":27,"column":21},"end":{"line":27,"column":null}},"line":27},"5":{"name":"(anonymous_5)","decl":{"start":{"line":32,"column":15},"end":{"line":32,"column":16}},"loc":{"start":{"line":32,"column":21},"end":{"line":32,"column":null}},"line":32}},"branchMap":{},"s":{"0":9,"1":0,"2":0,"3":0,"4":0,"5":0,"6":0,"7":9},"f":{"0":0,"1":0,"2":0,"3":0,"4":0,"5":0},"b":{},"meta":{"lastBranch":0,"lastFunction":6,"lastStatement":8,"seen":{"s:3:15:34:Infinity":0,"f:7:15:7:16":0,"s:7:21:7:Infinity":1,"f:12:15:12:16":1,"s:12:21:12:Infinity":2,"f:17:15:17:16":2,"s:17:21:17:Infinity":3,"f:22:15:22:16":3,"s:22:21:22:Infinity":4,"f:27:15:27:16":4,"s:27:21:27:Infinity":5,"f:32:15:32:16":5,"s:32:21:32:Infinity":6,"s:36:14:39:Infinity":7}}}
,"/Users/camille/workspace/invoice-api/frontend/src/services/api.js": {"path":"/Users/camille/workspace/invoice-api/frontend/src/services/api.js","statementMap":{"0":{"start":{"line":4,"column":12},"end":{"line":9,"column":null}},"1":{"start":{"line":12,"column":30},"end":{"line":48,"column":null}},"2":{"start":{"line":15,"column":19},"end":{"line":15,"column":null}},"3":{"start":{"line":17,"column":4},"end":{"line":17,"column":null}},"4":{"start":{"line":17,"column":26},"end":{"line":17,"column":null}},"5":{"start":{"line":18,"column":4},"end":{"line":18,"column":null}},"6":{"start":{"line":18,"column":24},"end":{"line":18,"column":null}},"7":{"start":{"line":19,"column":4},"end":{"line":19,"column":null}},"8":{"start":{"line":19,"column":27},"end":{"line":19,"column":null}},"9":{"start":{"line":20,"column":4},"end":{"line":20,"column":null}},"10":{"start":{"line":20,"column":25},"end":{"line":20,"column":null}},"11":{"start":{"line":22,"column":4},"end":{"line":22,"column":null}},"12":{"start":{"line":27,"column":4},"end":{"line":27,"column":null}},"13":{"start":{"line":32,"column":4},"end":{"line":32,"column":null}},"14":{"start":{"line":37,"column":4},"end":{"line":37,"column":null}},"15":{"start":{"line":42,"column":19},"end":{"line":42,"column":null}},"16":{"start":{"line":43,"column":4},"end":{"line":43,"column":null}},"17":{"start":{"line":43,"column":19},"end":{"line":43,"column":null}},"18":{"start":{"line":44,"column":4},"end":{"line":44,"column":null}},"19":{"start":{"line":44,"column":17},"end":{"line":44,"column":null}},"20":{"start":{"line":46,"column":4},"end":{"line":46,"column":null}},"21":{"start":{"line":51,"column":29},"end":{"line":61,"column":null}},"22":{"start":{"line":54,"column":4},"end":{"line":54,"column":null}},"23":{"start":{"line":59,"column":4},"end":{"line":59,"column":null}},"24":{"start":{"line":64,"column":29},"end":{"line":68,"column":null}},"25":{"start":{"line":66,"column":4},"end":{"line":66,"column":null}}},"fnMap":{"0":{"name":"(anonymous_0)","decl":{"start":{"line":14,"column":2},"end":{"line":14,"column":8}},"loc":{"start":{"line":14,"column":23},"end":{"line":23,"column":3}},"line":14},"1":{"name":"(anonymous_1)","decl":{"start":{"line":26,"column":2},"end":{"line":26,"column":9}},"loc":{"start":{"line":26,"column":14},"end":{"line":28,"column":3}},"line":26},"2":{"name":"(anonymous_2)","decl":{"start":{"line":31,"column":2},"end":{"line":31,"column":8}},"loc":{"start":{"line":31,"column":22},"end":{"line":33,"column":3}},"line":31},"3":{"name":"(anonymous_3)","decl":{"start":{"line":36,"column":2},"end":{"line":36,"column":12}},"loc":{"start":{"line":36,"column":17},"end":{"line":38,"column":3}},"line":36},"4":{"name":"(anonymous_4)","decl":{"start":{"line":41,"column":2},"end":{"line":41,"column":12}},"loc":{"start":{"line":41,"column":33},"end":{"line":47,"column":null}},"line":41},"5":{"name":"(anonymous_5)","decl":{"start":{"line":53,"column":2},"end":{"line":53,"column":8}},"loc":{"start":{"line":53,"column":11},"end":{"line":55,"column":3}},"line":53},"6":{"name":"(anonymous_6)","decl":{"start":{"line":58,"column":2},"end":{"line":58,"column":9}},"loc":{"start":{"line":58,"column":14},"end":{"line":60,"column":null}},"line":58},"7":{"name":"(anonymous_7)","decl":{"start":{"line":65,"column":2},"end":{"line":65,"column":7}},"loc":{"start":{"line":65,"column":10},"end":{"line":67,"column":null}},"line":65}},"branchMap":{"0":{"loc":{"start":{"line":14,"column":9},"end":{"line":14,"column":21}},"type":"default-arg","locations":[{"start":{"line":14,"column":19},"end":{"line":14,"column":21}}],"line":14},"1":{"loc":{"start":{"line":17,"column":4},"end":{"line":17,"column":null}},"type":"if","locations":[{"start":{"line":17,"column":4},"end":{"line":17,"column":null}},{"start":{},"end":{}}],"line":17},"2":{"loc":{"start":{"line":18,"column":4},"end":{"line":18,"column":null}},"type":"if","locations":[{"start":{"line":18,"column":4},"end":{"line":18,"column":null}},{"start":{},"end":{}}],"line":18},"3":{"loc":{"start":{"line":19,"column":4},"end":{"line":19,"column":null}},"type":"if","locations":[{"start":{"line":19,"column":4},"end":{"line":19,"column":null}},{"start":{},"end":{}}],"line":19},"4":{"loc":{"start":{"line":20,"column":4},"end":{"line":20,"column":null}},"type":"if","locations":[{"start":{"line":20,"column":4},"end":{"line":20,"column":null}},{"start":{},"end":{}}],"line":20},"5":{"loc":{"start":{"line":43,"column":4},"end":{"line":43,"column":null}},"type":"if","locations":[{"start":{"line":43,"column":4},"end":{"line":43,"column":null}},{"start":{},"end":{}}],"line":43},"6":{"loc":{"start":{"line":44,"column":4},"end":{"line":44,"column":null}},"type":"if","locations":[{"start":{"line":44,"column":4},"end":{"line":44,"column":null}},{"start":{},"end":{}}],"line":44}},"s":{"0":10,"1":10,"2":2,"3":2,"4":1,"5":2,"6":1,"7":2,"8":1,"9":2,"10":1,"11":2,"12":1,"13":1,"14":1,"15":2,"16":2,"17":1,"18":2,"19":1,"20":2,"21":10,"22":1,"23":1,"24":10,"25":1},"f":{"0":2,"1":1,"2":1,"3":1,"4":2,"5":1,"6":1,"7":1},"b":{"0":[2],"1":[1,1],"2":[1,1],"3":[1,1],"4":[1,1],"5":[1,1],"6":[1,1]},"meta":{"lastBranch":7,"lastFunction":8,"lastStatement":26,"seen":{"s:4:12:9:Infinity":0,"s:12:30:48:Infinity":1,"f:14:2:14:8":0,"b:14:19:14:21":0,"s:15:19:15:Infinity":2,"b:17:4:17:Infinity:undefined:undefined:undefined:undefined":1,"s:17:4:17:Infinity":3,"s:17:26:17:Infinity":4,"b:18:4:18:Infinity:undefined:undefined:undefined:undefined":2,"s:18:4:18:Infinity":5,"s:18:24:18:Infinity":6,"b:19:4:19:Infinity:undefined:undefined:undefined:undefined":3,"s:19:4:19:Infinity":7,"s:19:27:19:Infinity":8,"b:20:4:20:Infinity:undefined:undefined:undefined:undefined":4,"s:20:4:20:Infinity":9,"s:20:25:20:Infinity":10,"s:22:4:22:Infinity":11,"f:26:2:26:9":1,"s:27:4:27:Infinity":12,"f:31:2:31:8":2,"s:32:4:32:Infinity":13,"f:36:2:36:12":3,"s:37:4:37:Infinity":14,"f:41:2:41:12":4,"s:42:19:42:Infinity":15,"b:43:4:43:Infinity:undefined:undefined:undefined:undefined":5,"s:43:4:43:Infinity":16,"s:43:19:43:Infinity":17,"b:44:4:44:Infinity:undefined:undefined:undefined:undefined":6,"s:44:4:44:Infinity":18,"s:44:17:44:Infinity":19,"s:46:4:46:Infinity":20,"s:51:29:61:Infinity":21,"f:53:2:53:8":5,"s:54:4:54:Infinity":22,"f:58:2:58:9":6,"s:59:4:59:Infinity":23,"s:64:29:68:Infinity":24,"f:65:2:65:7":7,"s:66:4:66:Infinity":25}}}
}
